CRITICAL - 2024-10-02 12:31:02 --> CodeIgniter\View\Exceptions\ViewException: Invalid file: "components/toplayer.php"
[Method: GET, Route: /]
in SYSTEMPATH\Exceptions\FrameworkException.php on line 41.
 1 SYSTEMPATH\View\View.php(222): CodeIgniter\Exceptions\FrameworkException::forInvalidFile('components/toplayer.php')
 2 SYSTEMPATH\View\View.php(487): CodeIgniter\View\View->render('components/toplayer', null, true)
 3 APPPATH\Views\layout\main_layout.php(1): CodeIgniter\View\View->include('components/toplayer')
 4 SYSTEMPATH\View\View.php(234): include('C:\\xampp\\htdocs\\Website_WebSystems\\app\\Views\\layout\\main_layout.php')
 5 SYSTEMPATH\View\View.php(237): CodeIgniter\View\View->CodeIgniter\View\{closure}()
 6 SYSTEMPATH\View\View.php(487): CodeIgniter\View\View->render('layout/main_layout', null, true)
 7 APPPATH\Views\landing.php(1): CodeIgniter\View\View->include('layout/main_layout')
 8 SYSTEMPATH\View\View.php(234): include('C:\\xampp\\htdocs\\Website_WebSystems\\app\\Views\\landing.php')
 9 SYSTEMPATH\View\View.php(237): CodeIgniter\View\View->CodeIgniter\View\{closure}()
10 SYSTEMPATH\Common.php(1171): CodeIgniter\View\View->render('landing', [], true)
11 APPPATH\Controllers\Home.php(14): view('landing')
12 SYSTEMPATH\CodeIgniter.php(933): App\Controllers\Home->landing()
13 SYSTEMPATH\CodeIgniter.php(509): CodeIgniter\CodeIgniter->runController(Object(App\Controllers\Home))
14 SYSTEMPATH\CodeIgniter.php(355): CodeIgniter\CodeIgniter->handleRequest(null, Object(Config\Cache), false)
15 SYSTEMPATH\Boot.php(325): CodeIgniter\CodeIgniter->run()
16 SYSTEMPATH\Boot.php(67): CodeIgniter\Boot::runCodeIgniter(Object(CodeIgniter\CodeIgniter))
17 FCPATH\index.php(56): CodeIgniter\Boot::bootWeb(Object(Config\Paths))
CRITICAL - 2024-10-02 12:31:42 --> CodeIgniter\View\Exceptions\ViewException: Invalid file: "components/toplayer.php"
[Method: GET, Route: /]
in SYSTEMPATH\Exceptions\FrameworkException.php on line 41.
 1 SYSTEMPATH\View\View.php(222): CodeIgniter\Exceptions\FrameworkException::forInvalidFile('components/toplayer.php')
 2 SYSTEMPATH\View\View.php(487): CodeIgniter\View\View->render('components/toplayer', null, true)
 3 APPPATH\Views\layout\main_layout.php(1): CodeIgniter\View\View->include('components/toplayer')
 4 SYSTEMPATH\View\View.php(234): include('C:\\xampp\\htdocs\\Website_WebSystems\\app\\Views\\layout\\main_layout.php')
 5 SYSTEMPATH\View\View.php(237): CodeIgniter\View\View->CodeIgniter\View\{closure}()
 6 SYSTEMPATH\View\View.php(487): CodeIgniter\View\View->render('layout/main_layout', null, true)
 7 APPPATH\Views\landing.php(1): CodeIgniter\View\View->include('layout/main_layout')
 8 SYSTEMPATH\View\View.php(234): include('C:\\xampp\\htdocs\\Website_WebSystems\\app\\Views\\landing.php')
 9 SYSTEMPATH\View\View.php(237): CodeIgniter\View\View->CodeIgniter\View\{closure}()
10 SYSTEMPATH\Common.php(1171): CodeIgniter\View\View->render('landing', [], true)
11 APPPATH\Controllers\Home.php(14): view('landing')
12 SYSTEMPATH\CodeIgniter.php(933): App\Controllers\Home->landing()
13 SYSTEMPATH\CodeIgniter.php(509): CodeIgniter\CodeIgniter->runController(Object(App\Controllers\Home))
14 SYSTEMPATH\CodeIgniter.php(355): CodeIgniter\CodeIgniter->handleRequest(null, Object(Config\Cache), false)
15 SYSTEMPATH\Boot.php(325): CodeIgniter\CodeIgniter->run()
16 SYSTEMPATH\Boot.php(67): CodeIgniter\Boot::runCodeIgniter(Object(CodeIgniter\CodeIgniter))
17 FCPATH\index.php(56): CodeIgniter\Boot::bootWeb(Object(Config\Paths))
CRITICAL - 2024-10-02 12:32:30 --> CodeIgniter\View\Exceptions\ViewException: Invalid file: "components/toplayer.php"
[Method: GET, Route: /]
in SYSTEMPATH\Exceptions\FrameworkException.php on line 41.
 1 SYSTEMPATH\View\View.php(222): CodeIgniter\Exceptions\FrameworkException::forInvalidFile('components/toplayer.php')
 2 SYSTEMPATH\View\View.php(487): CodeIgniter\View\View->render('components/toplayer', null, true)
 3 APPPATH\Views\layout\main_layout.php(1): CodeIgniter\View\View->include('components/toplayer')
 4 SYSTEMPATH\View\View.php(234): include('C:\\xampp\\htdocs\\Website_WebSystems\\app\\Views\\layout\\main_layout.php')
 5 SYSTEMPATH\View\View.php(237): CodeIgniter\View\View->CodeIgniter\View\{closure}()
 6 SYSTEMPATH\View\View.php(487): CodeIgniter\View\View->render('layout/main_layout', null, true)
 7 APPPATH\Views\landing.php(1): CodeIgniter\View\View->include('layout/main_layout')
 8 SYSTEMPATH\View\View.php(234): include('C:\\xampp\\htdocs\\Website_WebSystems\\app\\Views\\landing.php')
 9 SYSTEMPATH\View\View.php(237): CodeIgniter\View\View->CodeIgniter\View\{closure}()
10 SYSTEMPATH\Common.php(1171): CodeIgniter\View\View->render('landing', [], true)
11 APPPATH\Controllers\Home.php(14): view('landing')
12 SYSTEMPATH\CodeIgniter.php(933): App\Controllers\Home->landing()
13 SYSTEMPATH\CodeIgniter.php(509): CodeIgniter\CodeIgniter->runController(Object(App\Controllers\Home))
14 SYSTEMPATH\CodeIgniter.php(355): CodeIgniter\CodeIgniter->handleRequest(null, Object(Config\Cache), false)
15 SYSTEMPATH\Boot.php(325): CodeIgniter\CodeIgniter->run()
16 SYSTEMPATH\Boot.php(67): CodeIgniter\Boot::runCodeIgniter(Object(CodeIgniter\CodeIgniter))
17 FCPATH\index.php(56): CodeIgniter\Boot::bootWeb(Object(Config\Paths))
CRITICAL - 2024-10-02 12:33:46 --> CodeIgniter\View\Exceptions\ViewException: Invalid file: "components/toplayer.php"
[Method: GET, Route: /]
in SYSTEMPATH\Exceptions\FrameworkException.php on line 41.
 1 SYSTEMPATH\View\View.php(222): CodeIgniter\Exceptions\FrameworkException::forInvalidFile('components/toplayer.php')
 2 SYSTEMPATH\View\View.php(487): CodeIgniter\View\View->render('components/toplayer', null, true)
 3 APPPATH\Views\layout\main_layout.php(1): CodeIgniter\View\View->include('components/toplayer')
 4 SYSTEMPATH\View\View.php(234): include('C:\\xampp\\htdocs\\Website_WebSystems\\app\\Views\\layout\\main_layout.php')
 5 SYSTEMPATH\View\View.php(237): CodeIgniter\View\View->CodeIgniter\View\{closure}()
 6 SYSTEMPATH\View\View.php(250): CodeIgniter\View\View->render('layout/main_layout', [], true)
 7 SYSTEMPATH\Common.php(1171): CodeIgniter\View\View->render('landing', [], true)
 8 APPPATH\Controllers\Home.php(14): view('landing')
 9 SYSTEMPATH\CodeIgniter.php(933): App\Controllers\Home->landing()
10 SYSTEMPATH\CodeIgniter.php(509): CodeIgniter\CodeIgniter->runController(Object(App\Controllers\Home))
11 SYSTEMPATH\CodeIgniter.php(355): CodeIgniter\CodeIgniter->handleRequest(null, Object(Config\Cache), false)
12 SYSTEMPATH\Boot.php(325): CodeIgniter\CodeIgniter->run()
13 SYSTEMPATH\Boot.php(67): CodeIgniter\Boot::runCodeIgniter(Object(CodeIgniter\CodeIgniter))
14 FCPATH\index.php(56): CodeIgniter\Boot::bootWeb(Object(Config\Paths))
CRITICAL - 2024-10-02 12:34:39 --> CodeIgniter\View\Exceptions\ViewException: Invalid file: "components/toplayer.php"
[Method: GET, Route: /]
in SYSTEMPATH\Exceptions\FrameworkException.php on line 41.
 1 SYSTEMPATH\View\View.php(222): CodeIgniter\Exceptions\FrameworkException::forInvalidFile('components/toplayer.php')
 2 SYSTEMPATH\View\View.php(487): CodeIgniter\View\View->render('components/toplayer', null, true)
 3 APPPATH\Views\layout\main_layout.php(1): CodeIgniter\View\View->include('components/toplayer')
 4 SYSTEMPATH\View\View.php(234): include('C:\\xampp\\htdocs\\Website_WebSystems\\app\\Views\\layout\\main_layout.php')
 5 SYSTEMPATH\View\View.php(237): CodeIgniter\View\View->CodeIgniter\View\{closure}()
 6 SYSTEMPATH\View\View.php(250): CodeIgniter\View\View->render('layout/main_layout', [], true)
 7 SYSTEMPATH\Common.php(1171): CodeIgniter\View\View->render('landing', [], true)
 8 APPPATH\Controllers\Home.php(14): view('landing')
 9 SYSTEMPATH\CodeIgniter.php(933): App\Controllers\Home->landing()
10 SYSTEMPATH\CodeIgniter.php(509): CodeIgniter\CodeIgniter->runController(Object(App\Controllers\Home))
11 SYSTEMPATH\CodeIgniter.php(355): CodeIgniter\CodeIgniter->handleRequest(null, Object(Config\Cache), false)
12 SYSTEMPATH\Boot.php(325): CodeIgniter\CodeIgniter->run()
13 SYSTEMPATH\Boot.php(67): CodeIgniter\Boot::runCodeIgniter(Object(CodeIgniter\CodeIgniter))
14 FCPATH\index.php(56): CodeIgniter\Boot::bootWeb(Object(Config\Paths))
CRITICAL - 2024-10-02 12:34:40 --> CodeIgniter\View\Exceptions\ViewException: Invalid file: "components/toplayer.php"
[Method: GET, Route: /]
in SYSTEMPATH\Exceptions\FrameworkException.php on line 41.
 1 SYSTEMPATH\View\View.php(222): CodeIgniter\Exceptions\FrameworkException::forInvalidFile('components/toplayer.php')
 2 SYSTEMPATH\View\View.php(487): CodeIgniter\View\View->render('components/toplayer', null, true)
 3 APPPATH\Views\layout\main_layout.php(1): CodeIgniter\View\View->include('components/toplayer')
 4 SYSTEMPATH\View\View.php(234): include('C:\\xampp\\htdocs\\Website_WebSystems\\app\\Views\\layout\\main_layout.php')
 5 SYSTEMPATH\View\View.php(237): CodeIgniter\View\View->CodeIgniter\View\{closure}()
 6 SYSTEMPATH\View\View.php(250): CodeIgniter\View\View->render('layout/main_layout', [], true)
 7 SYSTEMPATH\Common.php(1171): CodeIgniter\View\View->render('landing', [], true)
 8 APPPATH\Controllers\Home.php(14): view('landing')
 9 SYSTEMPATH\CodeIgniter.php(933): App\Controllers\Home->landing()
10 SYSTEMPATH\CodeIgniter.php(509): CodeIgniter\CodeIgniter->runController(Object(App\Controllers\Home))
11 SYSTEMPATH\CodeIgniter.php(355): CodeIgniter\CodeIgniter->handleRequest(null, Object(Config\Cache), false)
12 SYSTEMPATH\Boot.php(325): CodeIgniter\CodeIgniter->run()
13 SYSTEMPATH\Boot.php(67): CodeIgniter\Boot::runCodeIgniter(Object(CodeIgniter\CodeIgniter))
14 FCPATH\index.php(56): CodeIgniter\Boot::bootWeb(Object(Config\Paths))
CRITICAL - 2024-10-02 12:37:39 --> CodeIgniter\View\Exceptions\ViewException: Invalid file: "components/toplayer.php"
[Method: GET, Route: /]
in SYSTEMPATH\Exceptions\FrameworkException.php on line 41.
 1 SYSTEMPATH\View\View.php(222): CodeIgniter\Exceptions\FrameworkException::forInvalidFile('components/toplayer.php')
 2 SYSTEMPATH\View\View.php(487): CodeIgniter\View\View->render('components/toplayer', null, true)
 3 APPPATH\Views\layout\main_layout.php(1): CodeIgniter\View\View->include('components/toplayer')
 4 SYSTEMPATH\View\View.php(234): include('C:\\xampp\\htdocs\\Website_WebSystems\\app\\Views\\layout\\main_layout.php')
 5 SYSTEMPATH\View\View.php(237): CodeIgniter\View\View->CodeIgniter\View\{closure}()
 6 SYSTEMPATH\View\View.php(250): CodeIgniter\View\View->render('layout/main_layout', [], true)
 7 SYSTEMPATH\Common.php(1171): CodeIgniter\View\View->render('landing', [], true)
 8 APPPATH\Controllers\Home.php(14): view('landing')
 9 SYSTEMPATH\CodeIgniter.php(933): App\Controllers\Home->landing()
10 SYSTEMPATH\CodeIgniter.php(509): CodeIgniter\CodeIgniter->runController(Object(App\Controllers\Home))
11 SYSTEMPATH\CodeIgniter.php(355): CodeIgniter\CodeIgniter->handleRequest(null, Object(Config\Cache), false)
12 SYSTEMPATH\Boot.php(325): CodeIgniter\CodeIgniter->run()
13 SYSTEMPATH\Boot.php(67): CodeIgniter\Boot::runCodeIgniter(Object(CodeIgniter\CodeIgniter))
14 FCPATH\index.php(56): CodeIgniter\Boot::bootWeb(Object(Config\Paths))
